<?xml version="1.0"?>
<!--

    Copyright 2012-2014 Dirk Strauss

    Licensed under the Apache License, Version 2.0 (the "License");
    you may not use this file except in compliance with the License.
    You may obtain a copy of the License at

        http://www.apache.org/licenses/LICENSE-2.0

    Unless required by applicable law or agreed to in writing, software
    distributed under the License is distributed on an "AS IS" BASIS,
    WITHOUT WARRANTIES OR CONDITIONS OF ANY KIND, either express or implied.
    See the License for the specific language governing permissions and
    limitations under the License.

-->
<infinispan
  xmlns:xsi="http://www.w3.org/2001/XMLSchema-instance"
  xsi:schemaLocation="urn:infinispan:config:5.3 http://www.infinispan.org/schemas/infinispan-config-5.3.xsd"
  xmlns="urn:infinispan:config:5.3">
  <namedCache name="xml-configured-cache">
    <eviction
      strategy="LIRS"
      maxEntries="10" />
  </namedCache>
  <namedCache name="options">
    <clustering mode="local">
    </clustering>
    <versioning
      enabled="true"
      versioningScheme="SIMPLE" />
    <eviction
      maxEntries="100"
      strategy="LRU" />
    <expiration lifespan="60000" />
    <loaders preload="true">
      <fileStore
        fetchPersistentState="true"
        purgerThreads="3"
        purgeSynchronously="true"
        ignoreModifications="false"
        purgeOnStartup="false"
        location="${java.io.tmpdir}">
        <async
          enabled="true"
          flushLockTimeout="15000"
          threadPoolSize="5" />
        <singletonStore
          enabled="true"
          pushStateWhenCoordinator="true"
          pushStateTimeout="20000" />
      </fileStore>
    </loaders>
  </namedCache>
</infinispan>