<?xml version="1.0"?>
<infinispan
  xmlns:xsi="http://www.w3.org/2001/XMLSchema-instance"
  xsi:schemaLocation="urn:infinispan:config:5.3 http://www.infinispan.org/schemas/infinispan-config-5.3.xsd"
  xmlns="urn:infinispan:config:5.3">
  <namedCache name="xml-configured-cache">
    <eviction
      strategy="LIRS"
      maxEntries="10" />
  </namedCache>
  <namedCache name="options">
  </namedCache>
</infinispan>