<?xml version="1.0" encoding="UTF-8"?>
<!--

    Copyright 2012-2013 Dirk Strauss

    Licensed under the Apache License, Version 2.0 (the "License");
    you may not use this file except in compliance with the License.
    You may obtain a copy of the License at

        http://www.apache.org/licenses/LICENSE-2.0

    Unless required by applicable law or agreed to in writing, software
    distributed under the License is distributed on an "AS IS" BASIS,
    WITHOUT WARRANTIES OR CONDITIONS OF ANY KIND, either express or implied.
    See the License for the specific language governing permissions and
    limitations under the License.

-->
<persistence version="2.0" xmlns="http://java.sun.com/xml/ns/persistence" xmlns:xsi="http://www.w3.org/2001/XMLSchema-instance"
  xsi:schemaLocation="
        http://java.sun.com/xml/ns/persistence
        http://java.sun.com/xml/ns/persistence/persistence_2_0.xsd">
  <persistence-unit name="corePU">
    <jta-data-source>jdbc/core</jta-data-source>
    <class>ds2.oss.core.base.it.DummyEntity</class>
    <class>ds2.oss.core.base.impl.StateAwareModule</class>
    <class>ds2.oss.core.base.impl.CreatedModifiedAwareModule</class>
    <properties>
      <property name="eclipselink.ddl-generation" value="drop-and-create-tables" />
      <property name="eclipselink.logging.level.sql" value="FINE" />
      <property name="eclipselink.logging.parameters" value="true" />
    </properties>
  </persistence-unit>
</persistence>